Using pre-set license
Built from '2020.3/staging' branch; Version is '2020.3.25f1 (9b9180224418) revision 10195328'; Using compiler version '192528614'; Build Type 'Release'
OS: 'Windows 10  (10.0.19042) 64bit Core' Language: 'en' Physical Memory: 16204 MB
BatchMode: 1, IsHumanControllingUs: 0, StartBugReporterOnCrash: 0, Is64bit: 1, IsPro: 0

COMMAND LINE ARGUMENTS:
C:\Program Files\Unity\Hub\Editor\2020.3.25f1\Editor\Unity.exe
-adb2
-batchMode
-noUpm
-name
AssetImportWorker0
-projectPath
C:/Users/Benjamin/Desktop/Game Development Stuff/UNITY PROJECTS/CARDGAME
-logFile
Logs/AssetImportWorker0.log
-srvPort
63744
Successfully changed project path to: C:/Users/Benjamin/Desktop/Game Development Stuff/UNITY PROJECTS/CARDGAME
C:/Users/Benjamin/Desktop/Game Development Stuff/UNITY PROJECTS/CARDGAME
Using Asset Import Pipeline V2.
Refreshing native plugins compatible for Editor in 61.10 ms, found 2 plugins.
Preloading 0 native plugins for Editor in 0.00 ms.
Initialize engine version: 2020.3.25f1 (9b9180224418)
[Subsystems] Discovering subsystems at path C:/Program Files/Unity/Hub/Editor/2020.3.25f1/Editor/Data/Resources/UnitySubsystems
[Subsystems] Discovering subsystems at path C:/Users/Benjamin/Desktop/Game Development Stuff/UNITY PROJECTS/CARDGAME/Assets
GfxDevice: creating device client; threaded=0
Direct3D:
    Version:  Direct3D 11.0 [level 11.1]
    Renderer: NVIDIA GeForce GTX 1060 (ID=0x1c20)
    Vendor:   
    VRAM:     6052 MB
    Driver:   30.0.14.9729
Initialize mono
Mono path[0] = 'C:/Program Files/Unity/Hub/Editor/2020.3.25f1/Editor/Data/Managed'
Mono path[1] = 'C:/Program Files/Unity/Hub/Editor/2020.3.25f1/Editor/Data/MonoBleedingEdge/lib/mono/unityjit'
Mono config path = 'C:/Program Files/Unity/Hub/Editor/2020.3.25f1/Editor/Data/MonoBleedingEdge/etc'
Using monoOptions --debugger-agent=transport=dt_socket,embedding=1,server=y,suspend=n,address=127.0.0.1:56344
Begin MonoManager ReloadAssembly
Registering precompiled unity dll's ...
Register platform support module: C:/Program Files/Unity/Hub/Editor/2020.3.25f1/Editor/Data/PlaybackEngines/WebGLSupport/UnityEditor.WebGL.Extensions.dll
Register platform support module: C:/Program Files/Unity/Hub/Editor/2020.3.25f1/Editor/Data/PlaybackEngines/WindowsStandaloneSupport/UnityEditor.WindowsStandalone.Extensions.dll
Registered in 0.004483 seconds.
Native extension for WindowsStandalone target not found
Native extension for WebGL target not found
Refreshing native plugins compatible for Editor in 55.51 ms, found 2 plugins.
Preloading 0 native plugins for Editor in 0.00 ms.
Mono: successfully reloaded assembly
- Completed reload, in  0.676 seconds
Domain Reload Profiling:
	ReloadAssembly (677ms)
		BeginReloadAssembly (59ms)
			ExecutionOrderSort (0ms)
			DisableScriptedObjects (0ms)
			BackupInstance (0ms)
			ReleaseScriptingObjects (0ms)
			CreateAndSetChildDomain (1ms)
		EndReloadAssembly (534ms)
			LoadAssemblies (56ms)
			RebuildTransferFunctionScriptingTraits (0ms)
			SetupTypeCache (196ms)
			ReleaseScriptCaches (0ms)
			RebuildScriptCaches (36ms)
			SetupLoadedEditorAssemblies (184ms)
				LogAssemblyErrors (0ms)
				InitializePlatformSupportModulesInManaged (5ms)
				SetLoadedEditorAssemblies (0ms)
				RefreshPlugins (56ms)
				BeforeProcessingInitializeOnLoad (16ms)
				ProcessInitializeOnLoadAttributes (82ms)
				ProcessInitializeOnLoadMethodAttributes (26ms)
				AfterProcessingInitializeOnLoad (0ms)
				EditorAssembliesLoaded (0ms)
			ExecutionOrderSort2 (0ms)
			AwakeInstancesAfterBackupRestoration (0ms)
Platform modules already initialized, skipping
Registering precompiled user dll's ...
Registered in 0.005781 seconds.
Begin MonoManager ReloadAssembly
Native extension for WindowsStandalone target not found
Native extension for WebGL target not found
Refreshing native plugins compatible for Editor in 54.72 ms, found 2 plugins.
Preloading 0 native plugins for Editor in 0.00 ms.
Mono: successfully reloaded assembly
- Completed reload, in  1.317 seconds
Domain Reload Profiling:
	ReloadAssembly (1318ms)
		BeginReloadAssembly (165ms)
			ExecutionOrderSort (0ms)
			DisableScriptedObjects (5ms)
			BackupInstance (0ms)
			ReleaseScriptingObjects (0ms)
			CreateAndSetChildDomain (18ms)
		EndReloadAssembly (1086ms)
			LoadAssemblies (104ms)
			RebuildTransferFunctionScriptingTraits (0ms)
			SetupTypeCache (377ms)
			ReleaseScriptCaches (1ms)
			RebuildScriptCaches (51ms)
			SetupLoadedEditorAssemblies (415ms)
				LogAssemblyErrors (0ms)
				InitializePlatformSupportModulesInManaged (5ms)
				SetLoadedEditorAssemblies (0ms)
				RefreshPlugins (55ms)
				BeforeProcessingInitializeOnLoad (122ms)
				ProcessInitializeOnLoadAttributes (215ms)
				ProcessInitializeOnLoadMethodAttributes (10ms)
				AfterProcessingInitializeOnLoad (8ms)
				EditorAssembliesLoaded (0ms)
			ExecutionOrderSort2 (0ms)
			AwakeInstancesAfterBackupRestoration (6ms)
Platform modules already initialized, skipping
========================================================================
Worker process is ready to serve import requests
Launched and connected shader compiler UnityShaderCompiler.exe after 0.11 seconds
Refreshing native plugins compatible for Editor in 1.05 ms, found 2 plugins.
Preloading 0 native plugins for Editor in 0.00 ms.
Unloading 2865 Unused Serialized files (Serialized files now loaded: 0)
System memory in use before: 128.4 MB.
System memory in use after: 128.6 MB.

Unloading 20 unused Assets to reduce memory usage. Loaded Objects now: 3295.
Total: 3.038300 ms (FindLiveObjects: 0.229800 ms CreateObjectMapping: 0.113700 ms MarkObjects: 2.627000 ms  DeleteObjects: 0.066900 ms)

AssetImportParameters requested are different than current active one (requested -> active):
  custom:framework-win-MediaFoundation: 216162199b28c13a410421893ffa2e32 -> 
  custom:video-decoder-ogg-theora: a1e56fd34408186e4bbccfd4996cb3dc -> 
  custom:container-muxer-webm: aa71ff27fc2769a1b78a27578f13a17b -> 
  custom:container-demuxer-webm: 4f35f7cbe854078d1ac9338744f61a02 -> 
  custom:container-demuxer-ogg: 62fdf1f143b41e24485cea50d1cbac27 -> 
  custom:video-encoder-webm-vp8: eb34c28f22e8b96e1ab97ce403110664 -> 
  custom:video-decoder-webm-vp8: 9c59270c3fd7afecdb556c50c9e8de78 -> 
  custom:audio-decoder-ogg-vorbis: bf7c407c2cedff20999df2af8eb42d56 -> 
  custom:audio-encoder-webm-vorbis: bf7c407c2cedff20999df2af8eb42d56 -> 
========================================================================
Received Import Request.
  path: Assets
  artifactKey: Guid(00000000000000001000000000000000) Importer(815301076,1909f56bfc062723c751e8b465ee728b)
Start importing Assets using Guid(00000000000000001000000000000000) Importer(815301076,1909f56bfc062723c751e8b465ee728b)  -> (artifact id: '42d402b061de3733987d63b9cc3b64de') in 0.015928 seconds 
  Import took 0.022098 seconds .

========================================================================
Received Import Request.
  Time since last request: 0.856772 seconds.
  path: Assets/Scripts
  artifactKey: Guid(0cbf9b133d85c2449972607cbd925128) Importer(815301076,1909f56bfc062723c751e8b465ee728b)
Start importing Assets/Scripts using Guid(0cbf9b133d85c2449972607cbd925128) Importer(815301076,1909f56bfc062723c751e8b465ee728b)  -> (artifact id: 'b48f559d92c3080ad7a06e021df948c7') in 0.033777 seconds 
  Import took 0.046541 seconds .

========================================================================
Received Import Request.
  Time since last request: 8.746102 seconds.
  path: Assets/Prefabs
  artifactKey: Guid(be053134e9fce014093064d2dcaf7288) Importer(815301076,1909f56bfc062723c751e8b465ee728b)
Start importing Assets/Prefabs using Guid(be053134e9fce014093064d2dcaf7288) Importer(815301076,1909f56bfc062723c751e8b465ee728b)  -> (artifact id: '6a38bf4c0a86db584d8284dfea69b3e5') in 0.009911 seconds 
  Import took 0.015900 seconds .

========================================================================
Received Import Request.
  Time since last request: 5.227021 seconds.
  path: Assets/Scenes
  artifactKey: Guid(a999aa8c628cad84aa754216de68746a) Importer(815301076,1909f56bfc062723c751e8b465ee728b)
Start importing Assets/Scenes using Guid(a999aa8c628cad84aa754216de68746a) Importer(815301076,1909f56bfc062723c751e8b465ee728b)  -> (artifact id: 'b45231f31ea0add921ce18bb49721e5d') in 0.008830 seconds 
  Import took 0.015676 seconds .

========================================================================
Received Import Request.
  Time since last request: 6.604945 seconds.
  path: Assets/Textures
  artifactKey: Guid(2d936924c5dd09b4a94da8f19a502986) Importer(815301076,1909f56bfc062723c751e8b465ee728b)
Start importing Assets/Textures using Guid(2d936924c5dd09b4a94da8f19a502986) Importer(815301076,1909f56bfc062723c751e8b465ee728b)  -> (artifact id: '1cf0ada4a6039f6383b7ea091ede62df') in 0.007424 seconds 
  Import took 0.012814 seconds .

========================================================================
Received Import Request.
  Time since last request: 12.531730 seconds.
  path: Assets/Materials
  artifactKey: Guid(4fd3477f9929b544288c9fdbe02fb443) Importer(815301076,1909f56bfc062723c751e8b465ee728b)
Start importing Assets/Materials using Guid(4fd3477f9929b544288c9fdbe02fb443) Importer(815301076,1909f56bfc062723c751e8b465ee728b)  -> (artifact id: 'a54a8715bf7db692ad06e845a850003e') in 0.006888 seconds 
  Import took 0.011845 seconds .

========================================================================
Received Import Request.
  Time since last request: 2.547702 seconds.
  path: Assets/Blackjack Development
  artifactKey: Guid(8831d3ba69f3ea649830606903b06ac5) Importer(815301076,1909f56bfc062723c751e8b465ee728b)
Start importing Assets/Blackjack Development using Guid(8831d3ba69f3ea649830606903b06ac5) Importer(815301076,1909f56bfc062723c751e8b465ee728b)  -> (artifact id: 'aee9aba21a8f2ee97cc4925088983586') in 0.008597 seconds 
  Import took 0.015489 seconds .

========================================================================
Received Prepare
Registering precompiled user dll's ...
Registered in 0.008471 seconds.
Begin MonoManager ReloadAssembly
Native extension for WindowsStandalone target not found
Native extension for WebGL target not found
Refreshing native plugins compatible for Editor in 0.53 ms, found 2 plugins.
Preloading 0 native plugins for Editor in 0.00 ms.
Mono: successfully reloaded assembly
- Completed reload, in  1.197 seconds
Domain Reload Profiling:
	ReloadAssembly (1197ms)
		BeginReloadAssembly (132ms)
			ExecutionOrderSort (0ms)
			DisableScriptedObjects (8ms)
			BackupInstance (0ms)
			ReleaseScriptingObjects (0ms)
			CreateAndSetChildDomain (44ms)
		EndReloadAssembly (971ms)
			LoadAssemblies (118ms)
			RebuildTransferFunctionScriptingTraits (0ms)
			SetupTypeCache (338ms)
			ReleaseScriptCaches (2ms)
			RebuildScriptCaches (54ms)
			SetupLoadedEditorAssemblies (319ms)
				LogAssemblyErrors (0ms)
				InitializePlatformSupportModulesInManaged (5ms)
				SetLoadedEditorAssemblies (1ms)
				RefreshPlugins (1ms)
				BeforeProcessingInitializeOnLoad (104ms)
				ProcessInitializeOnLoadAttributes (192ms)
				ProcessInitializeOnLoadMethodAttributes (9ms)
				AfterProcessingInitializeOnLoad (7ms)
				EditorAssembliesLoaded (0ms)
			ExecutionOrderSort2 (0ms)
			AwakeInstancesAfterBackupRestoration (13ms)
Platform modules already initialized, skipping
Refreshing native plugins compatible for Editor in 0.53 ms, found 2 plugins.
Preloading 0 native plugins for Editor in 0.00 ms.
Unloading 2740 Unused Serialized files (Serialized files now loaded: 0)
System memory in use before: 119.9 MB.
System memory in use after: 120.2 MB.

Unloading 18 unused Assets to reduce memory usage. Loaded Objects now: 3294.
Total: 4.149300 ms (FindLiveObjects: 0.268300 ms CreateObjectMapping: 0.159100 ms MarkObjects: 3.694900 ms  DeleteObjects: 0.026000 ms)

AssetImportParameters requested are different than current active one (requested -> active):
  custom:framework-win-MediaFoundation: 216162199b28c13a410421893ffa2e32 -> 
  custom:video-decoder-ogg-theora: a1e56fd34408186e4bbccfd4996cb3dc -> 
  custom:container-muxer-webm: aa71ff27fc2769a1b78a27578f13a17b -> 
  custom:container-demuxer-webm: 4f35f7cbe854078d1ac9338744f61a02 -> 
  custom:container-demuxer-ogg: 62fdf1f143b41e24485cea50d1cbac27 -> 
  custom:video-encoder-webm-vp8: eb34c28f22e8b96e1ab97ce403110664 -> 
  custom:video-decoder-webm-vp8: 9c59270c3fd7afecdb556c50c9e8de78 -> 
  custom:audio-decoder-ogg-vorbis: bf7c407c2cedff20999df2af8eb42d56 -> 
  custom:audio-encoder-webm-vorbis: bf7c407c2cedff20999df2af8eb42d56 -> 
========================================================================
Received Import Request.
  Time since last request: 8.145019 seconds.
  path: Assets/New RnD
  artifactKey: Guid(339d16f00fd729f4b8d853bd97ce3f57) Importer(815301076,1909f56bfc062723c751e8b465ee728b)
Start importing Assets/New RnD using Guid(339d16f00fd729f4b8d853bd97ce3f57) Importer(815301076,1909f56bfc062723c751e8b465ee728b)  -> (artifact id: '051f1610f0086b37f721f7ed46d8deda') in 0.014731 seconds 
  Import took 0.019428 seconds .

========================================================================
Received Import Request.
  Time since last request: 0.771049 seconds.
  path: Assets/New RnD/Click and Drag
  artifactKey: Guid(9e4bcda92ac7041469ee2ddd791b3e9f) Importer(815301076,1909f56bfc062723c751e8b465ee728b)
Start importing Assets/New RnD/Click and Drag using Guid(9e4bcda92ac7041469ee2ddd791b3e9f) Importer(815301076,1909f56bfc062723c751e8b465ee728b)  -> (artifact id: '815255b777cef443901caa0cf4e01139') in 0.008335 seconds 
  Import took 0.020205 seconds .

========================================================================
Received Import Request.
  Time since last request: 1.273151 seconds.
  path: Assets/New RnD/Click and Drag/Scripts
  artifactKey: Guid(e3760efc1fedd0440bb5bdae8ba08d00) Importer(815301076,1909f56bfc062723c751e8b465ee728b)
Start importing Assets/New RnD/Click and Drag/Scripts using Guid(e3760efc1fedd0440bb5bdae8ba08d00) Importer(815301076,1909f56bfc062723c751e8b465ee728b)  -> (artifact id: '15777b34381f5c74715867d4b8f1fde8') in 0.002616 seconds 
  Import took 0.008549 seconds .

========================================================================
Received Prepare
Registering precompiled user dll's ...
Registered in 0.006922 seconds.
Begin MonoManager ReloadAssembly
Native extension for WindowsStandalone target not found
Native extension for WebGL target not found
Refreshing native plugins compatible for Editor in 0.52 ms, found 2 plugins.
Preloading 0 native plugins for Editor in 0.00 ms.
Mono: successfully reloaded assembly
- Completed reload, in  1.263 seconds
Domain Reload Profiling:
	ReloadAssembly (1264ms)
		BeginReloadAssembly (169ms)
			ExecutionOrderSort (0ms)
			DisableScriptedObjects (5ms)
			BackupInstance (0ms)
			ReleaseScriptingObjects (0ms)
			CreateAndSetChildDomain (49ms)
		EndReloadAssembly (1010ms)
			LoadAssemblies (159ms)
			RebuildTransferFunctionScriptingTraits (0ms)
			SetupTypeCache (376ms)
			ReleaseScriptCaches (1ms)
			RebuildScriptCaches (44ms)
			SetupLoadedEditorAssemblies (336ms)
				LogAssemblyErrors (0ms)
				InitializePlatformSupportModulesInManaged (5ms)
				SetLoadedEditorAssemblies (0ms)
				RefreshPlugins (1ms)
				BeforeProcessingInitializeOnLoad (102ms)
				ProcessInitializeOnLoadAttributes (210ms)
				ProcessInitializeOnLoadMethodAttributes (9ms)
				AfterProcessingInitializeOnLoad (9ms)
				EditorAssembliesLoaded (0ms)
			ExecutionOrderSort2 (0ms)
			AwakeInstancesAfterBackupRestoration (11ms)
Platform modules already initialized, skipping
Refreshing native plugins compatible for Editor in 0.55 ms, found 2 plugins.
Preloading 0 native plugins for Editor in 0.00 ms.
Unloading 2740 Unused Serialized files (Serialized files now loaded: 0)
System memory in use before: 120.0 MB.
System memory in use after: 120.2 MB.

Unloading 15 unused Assets to reduce memory usage. Loaded Objects now: 3296.
Total: 4.259200 ms (FindLiveObjects: 0.299300 ms CreateObjectMapping: 0.138100 ms MarkObjects: 3.788600 ms  DeleteObjects: 0.031800 ms)

AssetImportParameters requested are different than current active one (requested -> active):
  custom:framework-win-MediaFoundation: 216162199b28c13a410421893ffa2e32 -> 
  custom:video-decoder-ogg-theora: a1e56fd34408186e4bbccfd4996cb3dc -> 
  custom:container-muxer-webm: aa71ff27fc2769a1b78a27578f13a17b -> 
  custom:container-demuxer-webm: 4f35f7cbe854078d1ac9338744f61a02 -> 
  custom:container-demuxer-ogg: 62fdf1f143b41e24485cea50d1cbac27 -> 
  custom:video-encoder-webm-vp8: eb34c28f22e8b96e1ab97ce403110664 -> 
  custom:video-decoder-webm-vp8: 9c59270c3fd7afecdb556c50c9e8de78 -> 
  custom:audio-decoder-ogg-vorbis: bf7c407c2cedff20999df2af8eb42d56 -> 
  custom:audio-encoder-webm-vorbis: bf7c407c2cedff20999df2af8eb42d56 -> 
========================================================================
Received Import Request.
  Time since last request: 15.152662 seconds.
  path: Assets/New RnD/Hand of Cards
  artifactKey: Guid(3dd7412916707a24ea080caa3cbc8b02) Importer(815301076,1909f56bfc062723c751e8b465ee728b)
Start importing Assets/New RnD/Hand of Cards using Guid(3dd7412916707a24ea080caa3cbc8b02) Importer(815301076,1909f56bfc062723c751e8b465ee728b)  -> (artifact id: '1d5fe427cd5d40e7cd6c1966c1a16097') in 0.014876 seconds 
  Import took 0.019283 seconds .

========================================================================
Received Import Request.
  Time since last request: 1.078662 seconds.
  path: Assets/New RnD/Hand of Cards/ArtStuff
  artifactKey: Guid(04da0ce6493c89f4d9e1ed5c10727d54) Importer(815301076,1909f56bfc062723c751e8b465ee728b)
Start importing Assets/New RnD/Hand of Cards/ArtStuff using Guid(04da0ce6493c89f4d9e1ed5c10727d54) Importer(815301076,1909f56bfc062723c751e8b465ee728b)  -> (artifact id: '4765987d60afb5c1473a94672023efef') in 0.006969 seconds 
  Import took 0.014588 seconds .

========================================================================
Received Import Request.
  Time since last request: 0.053795 seconds.
  path: Assets/New RnD/Hand of Cards/ArtStuff/Shader Graphs_CardShader 1.mat
  artifactKey: Guid(db7e494d721581547bcf8c6e461c1148) Importer(815301076,1909f56bfc062723c751e8b465ee728b)
Start importing Assets/New RnD/Hand of Cards/ArtStuff/Shader Graphs_CardShader 1.mat using Guid(db7e494d721581547bcf8c6e461c1148) Importer(815301076,1909f56bfc062723c751e8b465ee728b)  -> (artifact id: 'd2c13ac4c585108f165f9c91ccb42762') in 1.036659 seconds 
  Import took 1.043676 seconds .

========================================================================
Received Import Request.
  Time since last request: 0.000331 seconds.
  path: Assets/New RnD/Hand of Cards/ArtStuff/Shader Graphs_CardShader.mat
  artifactKey: Guid(d42fb33a882e066408953fc1b64a9e4d) Importer(815301076,1909f56bfc062723c751e8b465ee728b)
Start importing Assets/New RnD/Hand of Cards/ArtStuff/Shader Graphs_CardShader.mat using Guid(d42fb33a882e066408953fc1b64a9e4d) Importer(815301076,1909f56bfc062723c751e8b465ee728b)  -> (artifact id: 'a55a463c545cd3219e5c46ac209e3d42') in 0.027931 seconds 
  Import took 0.033875 seconds .

========================================================================
Received Import Request.
  Time since last request: 0.000295 seconds.
  path: Assets/New RnD/Hand of Cards/ArtStuff/UniversalRenderPipelineAsset.asset
  artifactKey: Guid(7c950b0dc8396fc4cb4f7142716ff92d) Importer(815301076,1909f56bfc062723c751e8b465ee728b)
Start importing Assets/New RnD/Hand of Cards/ArtStuff/UniversalRenderPipelineAsset.asset using Guid(7c950b0dc8396fc4cb4f7142716ff92d) Importer(815301076,1909f56bfc062723c751e8b465ee728b)  -> (artifact id: '5089860f3620cb9b9281a1e344041c8a') in 0.012114 seconds 
  Import took 0.020531 seconds .

========================================================================
Received Import Request.
  Time since last request: 0.000407 seconds.
  path: Assets/New RnD/Hand of Cards/ArtStuff/UniversalRenderPipelineAsset_Renderer.asset
  artifactKey: Guid(7f332a3cab3e3b74a8838d9194e11624) Importer(815301076,1909f56bfc062723c751e8b465ee728b)
Start importing Assets/New RnD/Hand of Cards/ArtStuff/UniversalRenderPipelineAsset_Renderer.asset using Guid(7f332a3cab3e3b74a8838d9194e11624) Importer(815301076,1909f56bfc062723c751e8b465ee728b)  -> (artifact id: 'd74a033075f070810b992e0f738f6c03') in 0.011209 seconds 
  Import took 0.017369 seconds .

========================================================================
Received Import Request.
  Time since last request: 2.906804 seconds.
  path: Assets/New RnD/Hand of Cards/ArtStuff/CardShader.shadergraph
  artifactKey: Guid(87850c9f1ecad8743b987106ef44207d) Importer(815301076,1909f56bfc062723c751e8b465ee728b)
Start importing Assets/New RnD/Hand of Cards/ArtStuff/CardShader.shadergraph using Guid(87850c9f1ecad8743b987106ef44207d) Importer(815301076,1909f56bfc062723c751e8b465ee728b)  -> (artifact id: '8afad57d92eaddd355848a88856399fa') in 0.009364 seconds 
  Import took 0.016069 seconds .

========================================================================
Received Import Request.
  Time since last request: 6.024292 seconds.
  path: Assets/New RnD/Hand of Cards/ArtStuff/Card Art
  artifactKey: Guid(155791eead5948f43a1181401e0c93a1) Importer(815301076,1909f56bfc062723c751e8b465ee728b)
Start importing Assets/New RnD/Hand of Cards/ArtStuff/Card Art using Guid(155791eead5948f43a1181401e0c93a1) Importer(815301076,1909f56bfc062723c751e8b465ee728b)  -> (artifact id: '1416638334873ed99f58a7899b45421d') in 0.010621 seconds 
  Import took 0.016222 seconds .

========================================================================
Received Import Request.
  Time since last request: 0.079628 seconds.
  path: Assets/New RnD/Hand of Cards/ArtStuff/Card Art/card art 1.png
  artifactKey: Guid(53b1debece14c604cbfe15f34cea3a68) Importer(815301076,1909f56bfc062723c751e8b465ee728b)
Start importing Assets/New RnD/Hand of Cards/ArtStuff/Card Art/card art 1.png using Guid(53b1debece14c604cbfe15f34cea3a68) Importer(815301076,1909f56bfc062723c751e8b465ee728b)  -> (artifact id: '1d4172d38c8ae6562847cd7e451a8382') in 0.074593 seconds 
  Import took 0.081071 seconds .

========================================================================
Received Import Request.
  Time since last request: 0.000377 seconds.
  path: Assets/New RnD/Hand of Cards/ArtStuff/Card Art/card art.png
  artifactKey: Guid(8132c810eeebfd8488577bef4a2a8416) Importer(815301076,1909f56bfc062723c751e8b465ee728b)
Start importing Assets/New RnD/Hand of Cards/ArtStuff/Card Art/card art.png using Guid(8132c810eeebfd8488577bef4a2a8416) Importer(815301076,1909f56bfc062723c751e8b465ee728b)  -> (artifact id: '49140b3c973521c8eb23ea823dcc9625') in 0.016123 seconds 
  Import took 0.021284 seconds .

========================================================================
Received Import Request.
  Time since last request: 0.000367 seconds.
  path: Assets/New RnD/Hand of Cards/ArtStuff/Card Art/chad.png
  artifactKey: Guid(4f6421410a47be74ca090acc9c9504fd) Importer(815301076,1909f56bfc062723c751e8b465ee728b)
Start importing Assets/New RnD/Hand of Cards/ArtStuff/Card Art/chad.png using Guid(4f6421410a47be74ca090acc9c9504fd) Importer(815301076,1909f56bfc062723c751e8b465ee728b)  -> (artifact id: 'f53783f70e885ef952f33e3009b6dbd0') in 0.018909 seconds 
  Import took 0.026833 seconds .

========================================================================
Received Import Request.
  Time since last request: 0.000340 seconds.
  path: Assets/New RnD/Hand of Cards/ArtStuff/Card Art/card frame small.png
  artifactKey: Guid(42be1206b9bab5b488511d50f7e745e4) Importer(815301076,1909f56bfc062723c751e8b465ee728b)
Start importing Assets/New RnD/Hand of Cards/ArtStuff/Card Art/card frame small.png using Guid(42be1206b9bab5b488511d50f7e745e4) Importer(815301076,1909f56bfc062723c751e8b465ee728b)  -> (artifact id: 'b3bbf843c8f48329d47c27f356652f5e') in 0.015932 seconds 
  Import took 0.023507 seconds .

========================================================================
Received Import Request.
  Time since last request: 0.000403 seconds.
  path: Assets/New RnD/Hand of Cards/ArtStuff/Card Art/card back cool small.png
  artifactKey: Guid(9961bdc2cd7459c4d93a06941132ea5e) Importer(815301076,1909f56bfc062723c751e8b465ee728b)
Start importing Assets/New RnD/Hand of Cards/ArtStuff/Card Art/card back cool small.png using Guid(9961bdc2cd7459c4d93a06941132ea5e) Importer(815301076,1909f56bfc062723c751e8b465ee728b)  -> (artifact id: 'f35d7de501c1f8fb4b4eca72d09c01bd') in 0.018396 seconds 
  Import took 0.026780 seconds .

========================================================================
Received Import Request.
  Time since last request: 6.556170 seconds.
  path: Assets/New RnD/Hand of Cards/Prefabs
  artifactKey: Guid(9b69bc80e7480624b988a49e9ea2b67d) Importer(815301076,1909f56bfc062723c751e8b465ee728b)
Start importing Assets/New RnD/Hand of Cards/Prefabs using Guid(9b69bc80e7480624b988a49e9ea2b67d) Importer(815301076,1909f56bfc062723c751e8b465ee728b)  -> (artifact id: '727c16f958d924d3ef015dc7f6257c50') in 0.006056 seconds 
  Import took 0.013587 seconds .

========================================================================
Received Import Request.
  Time since last request: 0.068779 seconds.
  path: Assets/New RnD/Hand of Cards/Prefabs/Card1.prefab
  artifactKey: Guid(59796c7d291b1e14581ae2b319e5a935) Importer(815301076,1909f56bfc062723c751e8b465ee728b)
Start importing Assets/New RnD/Hand of Cards/Prefabs/Card1.prefab using Guid(59796c7d291b1e14581ae2b319e5a935) Importer(815301076,1909f56bfc062723c751e8b465ee728b)  -> (artifact id: '89a4d9556a159f975d28d29bfe3ff064') in 0.102046 seconds 
  Import took 0.107320 seconds .

========================================================================
Received Import Request.
  Time since last request: 5.920705 seconds.
  path: Assets/New RnD/Hand of Cards/Scripts
  artifactKey: Guid(9d4df45b41c19304f895bdd49faddd4c) Importer(815301076,1909f56bfc062723c751e8b465ee728b)
Start importing Assets/New RnD/Hand of Cards/Scripts using Guid(9d4df45b41c19304f895bdd49faddd4c) Importer(815301076,1909f56bfc062723c751e8b465ee728b)  -> (artifact id: '8ff34d84b8943a41c23600f1e1537209') in 0.004794 seconds 
  Import took 0.011617 seconds .

========================================================================
Received Prepare
Registering precompiled user dll's ...
Registered in 0.009871 seconds.
Begin MonoManager ReloadAssembly
Native extension for WindowsStandalone target not found
Native extension for WebGL target not found
Refreshing native plugins compatible for Editor in 1.24 ms, found 2 plugins.
Preloading 0 native plugins for Editor in 0.00 ms.
Mono: successfully reloaded assembly
- Completed reload, in  1.238 seconds
Domain Reload Profiling:
	ReloadAssembly (1238ms)
		BeginReloadAssembly (189ms)
			ExecutionOrderSort (0ms)
			DisableScriptedObjects (6ms)
			BackupInstance (0ms)
			ReleaseScriptingObjects (0ms)
			CreateAndSetChildDomain (54ms)
		EndReloadAssembly (948ms)
			LoadAssemblies (137ms)
			RebuildTransferFunctionScriptingTraits (0ms)
			SetupTypeCache (324ms)
			ReleaseScriptCaches (1ms)
			RebuildScriptCaches (44ms)
			SetupLoadedEditorAssemblies (324ms)
				LogAssemblyErrors (0ms)
				InitializePlatformSupportModulesInManaged (6ms)
				SetLoadedEditorAssemblies (1ms)
				RefreshPlugins (1ms)
				BeforeProcessingInitializeOnLoad (97ms)
				ProcessInitializeOnLoadAttributes (199ms)
				ProcessInitializeOnLoadMethodAttributes (10ms)
				AfterProcessingInitializeOnLoad (9ms)
				EditorAssembliesLoaded (0ms)
			ExecutionOrderSort2 (0ms)
			AwakeInstancesAfterBackupRestoration (22ms)
Platform modules already initialized, skipping
Refreshing native plugins compatible for Editor in 0.59 ms, found 2 plugins.
Preloading 0 native plugins for Editor in 0.00 ms.
Unloading 2743 Unused Serialized files (Serialized files now loaded: 0)
System memory in use before: 126.2 MB.
System memory in use after: 126.4 MB.

Unloading 15 unused Assets to reduce memory usage. Loaded Objects now: 3382.
Total: 4.939400 ms (FindLiveObjects: 0.295000 ms CreateObjectMapping: 0.152900 ms MarkObjects: 4.424900 ms  DeleteObjects: 0.061100 ms)

AssetImportParameters requested are different than current active one (requested -> active):
  custom:framework-win-MediaFoundation: 216162199b28c13a410421893ffa2e32 -> 
  custom:video-decoder-ogg-theora: a1e56fd34408186e4bbccfd4996cb3dc -> 
  custom:container-muxer-webm: aa71ff27fc2769a1b78a27578f13a17b -> 
  custom:container-demuxer-webm: 4f35f7cbe854078d1ac9338744f61a02 -> 
  custom:container-demuxer-ogg: 62fdf1f143b41e24485cea50d1cbac27 -> 
  custom:video-encoder-webm-vp8: eb34c28f22e8b96e1ab97ce403110664 -> 
  custom:video-decoder-webm-vp8: 9c59270c3fd7afecdb556c50c9e8de78 -> 
  custom:audio-decoder-ogg-vorbis: bf7c407c2cedff20999df2af8eb42d56 -> 
  custom:audio-encoder-webm-vorbis: bf7c407c2cedff20999df2af8eb42d56 -> 
========================================================================
Received Import Request.
  Time since last request: 16.971536 seconds.
  path: Assets/New RnD/Updated Cards
  artifactKey: Guid(878b99ca88153d84a9bd224874bc4a4b) Importer(815301076,1909f56bfc062723c751e8b465ee728b)
Start importing Assets/New RnD/Updated Cards using Guid(878b99ca88153d84a9bd224874bc4a4b) Importer(815301076,1909f56bfc062723c751e8b465ee728b)  -> (artifact id: 'b777f4b6208e1312daaca8bb434a6e83') in 0.011156 seconds 
  Import took 0.016546 seconds .

========================================================================
Received Import Request.
  Time since last request: 1.184348 seconds.
  path: Assets/New RnD/Updated Cards/CardData
  artifactKey: Guid(aafc78ceedb43ba4791f9b1db247bdcc) Importer(815301076,1909f56bfc062723c751e8b465ee728b)
Start importing Assets/New RnD/Updated Cards/CardData using Guid(aafc78ceedb43ba4791f9b1db247bdcc) Importer(815301076,1909f56bfc062723c751e8b465ee728b)  -> (artifact id: '205981b5b916b63ff4de00ad666f9b82') in 0.007504 seconds 
  Import took 0.013197 seconds .

========================================================================
Received Import Request.
  Time since last request: 0.086334 seconds.
  path: Assets/New RnD/Updated Cards/CardData/Chad.asset
  artifactKey: Guid(85b87e2b2a52ad848b8ceb9be73bb442) Importer(815301076,1909f56bfc062723c751e8b465ee728b)
Start importing Assets/New RnD/Updated Cards/CardData/Chad.asset using Guid(85b87e2b2a52ad848b8ceb9be73bb442) Importer(815301076,1909f56bfc062723c751e8b465ee728b)  -> (artifact id: '35c522a1665035dbc30e9d5d699aa271') in 0.020678 seconds 
  Import took 0.026292 seconds .

========================================================================
Received Import Request.
  Time since last request: 0.000336 seconds.
  path: Assets/New RnD/Updated Cards/CardData/GonnaCry.asset
  artifactKey: Guid(4df5e79f85fd53544ae2f2e093e7c74a) Importer(815301076,1909f56bfc062723c751e8b465ee728b)
Start importing Assets/New RnD/Updated Cards/CardData/GonnaCry.asset using Guid(4df5e79f85fd53544ae2f2e093e7c74a) Importer(815301076,1909f56bfc062723c751e8b465ee728b)  -> (artifact id: '8149407e19c3a2113c574b4bcdb86b6b') in 0.008788 seconds 
  Import took 0.013594 seconds .

========================================================================
Received Import Request.
  Time since last request: 5.307269 seconds.
  path: Assets/New RnD/Updated Cards/Scripts
  artifactKey: Guid(084e869ddc1400543b30f8477a13fc76) Importer(815301076,1909f56bfc062723c751e8b465ee728b)
Start importing Assets/New RnD/Updated Cards/Scripts using Guid(084e869ddc1400543b30f8477a13fc76) Importer(815301076,1909f56bfc062723c751e8b465ee728b)  -> (artifact id: '268934a4d0565a27769880dd53b7589c') in 0.002470 seconds 
  Import took 0.009688 seconds .

========================================================================
Received Import Request.
  Time since last request: 0.643124 seconds.
  path: Assets/New RnD/Updated Cards/Scripts/CardCore.cs
  artifactKey: Guid(4d1591fc9bfe710419df5919c2080e7f) Importer(815301076,1909f56bfc062723c751e8b465ee728b)
Start importing Assets/New RnD/Updated Cards/Scripts/CardCore.cs using Guid(4d1591fc9bfe710419df5919c2080e7f) Importer(815301076,1909f56bfc062723c751e8b465ee728b)  -> (artifact id: '059392081a62417e0f618cdad34f8ebd') in 0.027308 seconds 
  Import took 0.032724 seconds .

========================================================================
Received Prepare
Registering precompiled user dll's ...
Registered in 0.005281 seconds.
Begin MonoManager ReloadAssembly
Native extension for WindowsStandalone target not found
Native extension for WebGL target not found
Refreshing native plugins compatible for Editor in 0.51 ms, found 2 plugins.
Preloading 0 native plugins for Editor in 0.00 ms.
Mono: successfully reloaded assembly
- Completed reload, in  1.455 seconds
Domain Reload Profiling:
	ReloadAssembly (1456ms)
		BeginReloadAssembly (172ms)
			ExecutionOrderSort (0ms)
			DisableScriptedObjects (7ms)
			BackupInstance (0ms)
			ReleaseScriptingObjects (0ms)
			CreateAndSetChildDomain (59ms)
		EndReloadAssembly (1022ms)
			LoadAssemblies (137ms)
			RebuildTransferFunctionScriptingTraits (0ms)
			SetupTypeCache (383ms)
			ReleaseScriptCaches (1ms)
			RebuildScriptCaches (43ms)
			SetupLoadedEditorAssemblies (321ms)
				LogAssemblyErrors (0ms)
				InitializePlatformSupportModulesInManaged (5ms)
				SetLoadedEditorAssemblies (0ms)
				RefreshPlugins (1ms)
				BeforeProcessingInitializeOnLoad (95ms)
				ProcessInitializeOnLoadAttributes (202ms)
				ProcessInitializeOnLoadMethodAttributes (11ms)
				AfterProcessingInitializeOnLoad (7ms)
				EditorAssembliesLoaded (0ms)
			ExecutionOrderSort2 (0ms)
			AwakeInstancesAfterBackupRestoration (15ms)
Platform modules already initialized, skipping
Refreshing native plugins compatible for Editor in 1.32 ms, found 2 plugins.
Preloading 0 native plugins for Editor in 0.00 ms.
Unloading 2740 Unused Serialized files (Serialized files now loaded: 0)
System memory in use before: 125.9 MB.
System memory in use after: 126.1 MB.

Unloading 15 unused Assets to reduce memory usage. Loaded Objects now: 3384.
Total: 5.188800 ms (FindLiveObjects: 0.252200 ms CreateObjectMapping: 0.121900 ms MarkObjects: 4.759000 ms  DeleteObjects: 0.053900 ms)

AssetImportParameters requested are different than current active one (requested -> active):
  custom:framework-win-MediaFoundation: 216162199b28c13a410421893ffa2e32 -> 
  custom:video-decoder-ogg-theora: a1e56fd34408186e4bbccfd4996cb3dc -> 
  custom:container-muxer-webm: aa71ff27fc2769a1b78a27578f13a17b -> 
  custom:container-demuxer-webm: 4f35f7cbe854078d1ac9338744f61a02 -> 
  custom:container-demuxer-ogg: 62fdf1f143b41e24485cea50d1cbac27 -> 
  custom:video-encoder-webm-vp8: eb34c28f22e8b96e1ab97ce403110664 -> 
  custom:video-decoder-webm-vp8: 9c59270c3fd7afecdb556c50c9e8de78 -> 
  custom:audio-decoder-ogg-vorbis: bf7c407c2cedff20999df2af8eb42d56 -> 
  custom:audio-encoder-webm-vorbis: bf7c407c2cedff20999df2af8eb42d56 -> 
========================================================================
Received Import Request.
  Time since last request: 11.083845 seconds.
  path: Assets/Old Development
  artifactKey: Guid(713019c382567d742af7a105db92f924) Importer(815301076,1909f56bfc062723c751e8b465ee728b)
Start importing Assets/Old Development using Guid(713019c382567d742af7a105db92f924) Importer(815301076,1909f56bfc062723c751e8b465ee728b)  -> (artifact id: '7821ba964a3be1b4074ccc80f07d3989') in 0.014136 seconds 
  Import took 0.020260 seconds .

========================================================================
Received Import Request.
  Time since last request: 0.862932 seconds.
  path: Assets/Old Development/Cards
  artifactKey: Guid(0a77e6df00713d145a54cffd9df50726) Importer(815301076,1909f56bfc062723c751e8b465ee728b)
Start importing Assets/Old Development/Cards using Guid(0a77e6df00713d145a54cffd9df50726) Importer(815301076,1909f56bfc062723c751e8b465ee728b)  -> (artifact id: '6dfdd777a467f97a8787d80d1967bd3d') in 0.009871 seconds 
  Import took 0.015104 seconds .

========================================================================
Received Import Request.
  Time since last request: 0.075302 seconds.
  path: Assets/Old Development/Cards/Testing.asset
  artifactKey: Guid(32b4f945780996048b86bfec61755426) Importer(815301076,1909f56bfc062723c751e8b465ee728b)
Start importing Assets/Old Development/Cards/Testing.asset using Guid(32b4f945780996048b86bfec61755426) Importer(815301076,1909f56bfc062723c751e8b465ee728b)  -> (artifact id: 'eb20637d705f444835597f4b20593c74') in 0.018557 seconds 
  Import took 0.022999 seconds .

========================================================================
Received Import Request.
  Time since last request: 2.954425 seconds.
  path: Assets/Old Development/Prefabs
  artifactKey: Guid(dfd0c1c4e7ffb3c4fb7f1ad7e38ee3c5) Importer(815301076,1909f56bfc062723c751e8b465ee728b)
Start importing Assets/Old Development/Prefabs using Guid(dfd0c1c4e7ffb3c4fb7f1ad7e38ee3c5) Importer(815301076,1909f56bfc062723c751e8b465ee728b)  -> (artifact id: '1262f37565b9928a5f4a1774a0a692cb') in 0.002533 seconds 
  Import took 0.008434 seconds .

========================================================================
Received Import Request.
  Time since last request: 0.909461 seconds.
  path: Assets/Old Development/Prefabs/1st Edition
  artifactKey: Guid(34de201f9632e7a4e8b7895baf6f6bb2) Importer(815301076,1909f56bfc062723c751e8b465ee728b)
Start importing Assets/Old Development/Prefabs/1st Edition using Guid(34de201f9632e7a4e8b7895baf6f6bb2) Importer(815301076,1909f56bfc062723c751e8b465ee728b)  -> (artifact id: 'aca1c245fe23b2d3c02622919584979a') in 0.013348 seconds 
  Import took 0.020581 seconds .

========================================================================
Received Import Request.
  Time since last request: 0.055846 seconds.
  path: Assets/Old Development/Prefabs/1st Edition/Card.prefab
  artifactKey: Guid(f0aa6360016d83844a0a772ff346c5aa) Importer(815301076,1909f56bfc062723c751e8b465ee728b)
Start importing Assets/Old Development/Prefabs/1st Edition/Card.prefab using Guid(f0aa6360016d83844a0a772ff346c5aa) Importer(815301076,1909f56bfc062723c751e8b465ee728b)  -> (artifact id: '980d9bf59b43336e1eebfa7fec86a439') in 0.041439 seconds 
  Import took 0.046846 seconds .

========================================================================
Received Import Request.
  Time since last request: 0.000357 seconds.
  path: Assets/Old Development/Prefabs/1st Edition/Seth.prefab
  artifactKey: Guid(ac6624c6ab1114c4ca176bd8fdf546ec) Importer(815301076,1909f56bfc062723c751e8b465ee728b)
Start importing Assets/Old Development/Prefabs/1st Edition/Seth.prefab using Guid(ac6624c6ab1114c4ca176bd8fdf546ec) Importer(815301076,1909f56bfc062723c751e8b465ee728b)  -> (artifact id: '6857f7fdf7e16d83848cf0de1cd8898b') in 0.012987 seconds 
  Import took 0.020767 seconds .

========================================================================
Received Prepare
Registering precompiled user dll's ...
Registered in 0.007035 seconds.
Begin MonoManager ReloadAssembly
Native extension for WindowsStandalone target not found
Native extension for WebGL target not found
Refreshing native plugins compatible for Editor in 0.52 ms, found 2 plugins.
Preloading 0 native plugins for Editor in 0.00 ms.
Mono: successfully reloaded assembly
- Completed reload, in  1.234 seconds
Domain Reload Profiling:
	ReloadAssembly (1235ms)
		BeginReloadAssembly (156ms)
			ExecutionOrderSort (0ms)
			DisableScriptedObjects (5ms)
			BackupInstance (0ms)
			ReleaseScriptingObjects (0ms)
			CreateAndSetChildDomain (40ms)
		EndReloadAssembly (982ms)
			LoadAssemblies (127ms)
			RebuildTransferFunctionScriptingTraits (0ms)
			SetupTypeCache (345ms)
			ReleaseScriptCaches (3ms)
			RebuildScriptCaches (50ms)
			SetupLoadedEditorAssemblies (317ms)
				LogAssemblyErrors (0ms)
				InitializePlatformSupportModulesInManaged (5ms)
				SetLoadedEditorAssemblies (1ms)
				RefreshPlugins (1ms)
				BeforeProcessingInitializeOnLoad (97ms)
				ProcessInitializeOnLoadAttributes (196ms)
				ProcessInitializeOnLoadMethodAttributes (9ms)
				AfterProcessingInitializeOnLoad (9ms)
				EditorAssembliesLoaded (0ms)
			ExecutionOrderSort2 (0ms)
			AwakeInstancesAfterBackupRestoration (17ms)
Platform modules already initialized, skipping
Refreshing native plugins compatible for Editor in 0.54 ms, found 2 plugins.
Preloading 0 native plugins for Editor in 0.00 ms.
Unloading 2733 Unused Serialized files (Serialized files now loaded: 0)
System memory in use before: 125.9 MB.
System memory in use after: 126.1 MB.

Unloading 23 unused Assets to reduce memory usage. Loaded Objects now: 3381.
Total: 3.305600 ms (FindLiveObjects: 0.236100 ms CreateObjectMapping: 0.120000 ms MarkObjects: 2.924600 ms  DeleteObjects: 0.024100 ms)

AssetImportParameters requested are different than current active one (requested -> active):
  custom:framework-win-MediaFoundation: 216162199b28c13a410421893ffa2e32 -> 
  custom:video-decoder-ogg-theora: a1e56fd34408186e4bbccfd4996cb3dc -> 
  custom:container-muxer-webm: aa71ff27fc2769a1b78a27578f13a17b -> 
  custom:container-demuxer-webm: 4f35f7cbe854078d1ac9338744f61a02 -> 
  custom:container-demuxer-ogg: 62fdf1f143b41e24485cea50d1cbac27 -> 
  custom:video-encoder-webm-vp8: eb34c28f22e8b96e1ab97ce403110664 -> 
  custom:video-decoder-webm-vp8: 9c59270c3fd7afecdb556c50c9e8de78 -> 
  custom:audio-decoder-ogg-vorbis: bf7c407c2cedff20999df2af8eb42d56 -> 
  custom:audio-encoder-webm-vorbis: bf7c407c2cedff20999df2af8eb42d56 -> 
========================================================================
Received Import Request.
  Time since last request: 13.846522 seconds.
  path: Assets/Scenes/HandOdCardsTest.unity
  artifactKey: Guid(2f76c71666bbfa443ac812fe41375398) Importer(815301076,1909f56bfc062723c751e8b465ee728b)
Start importing Assets/Scenes/HandOdCardsTest.unity using Guid(2f76c71666bbfa443ac812fe41375398) Importer(815301076,1909f56bfc062723c751e8b465ee728b)  -> (artifact id: '82c8fb33008ad5cc7ee749ff8aaa8526') in 0.022891 seconds 
  Import took 0.029942 seconds .

========================================================================
Received Import Request.
  Time since last request: 3.760600 seconds.
  path: Packages/com.unity.searcher/Editor/Resources/FlatSkin/Font/Roboto-Italic.ttf
  artifactKey: Guid(c839255fc8f6b4b4d90bf8c1af9f9bd1) Importer(815301076,1909f56bfc062723c751e8b465ee728b)
Start importing Packages/com.unity.searcher/Editor/Resources/FlatSkin/Font/Roboto-Italic.ttf using Guid(c839255fc8f6b4b4d90bf8c1af9f9bd1) Importer(815301076,1909f56bfc062723c751e8b465ee728b)  -> (artifact id: 'f43d04caed956db96d06024d0195fe25') in 0.179935 seconds 
  Import took 0.184721 seconds .

========================================================================
Received Import Request.
  Time since last request: 0.000332 seconds.
  path: Packages/com.unity.searcher/Editor/Resources/FlatSkin/Font/Roboto-BoldItalic.ttf
  artifactKey: Guid(dfb97a9307a577a41bcacba34b9a7e32) Importer(815301076,1909f56bfc062723c751e8b465ee728b)
Start importing Packages/com.unity.searcher/Editor/Resources/FlatSkin/Font/Roboto-BoldItalic.ttf using Guid(dfb97a9307a577a41bcacba34b9a7e32) Importer(815301076,1909f56bfc062723c751e8b465ee728b)  -> (artifact id: '7b62888f551a9297631c07397bf3f2c2') in 0.024798 seconds 
  Import took 0.030088 seconds .

========================================================================
Received Import Request.
  Time since last request: 0.001958 seconds.
  path: Packages/com.unity.searcher/Editor/Resources/FlatSkin/Font/Roboto-Thin.ttf
  artifactKey: Guid(19a9abb883540be48b75b951a927ae03) Importer(815301076,1909f56bfc062723c751e8b465ee728b)
Start importing Packages/com.unity.searcher/Editor/Resources/FlatSkin/Font/Roboto-Thin.ttf using Guid(19a9abb883540be48b75b951a927ae03) Importer(815301076,1909f56bfc062723c751e8b465ee728b)  -> (artifact id: 'ee53b6e745a2a2eda59a286678564b6c') in 0.025109 seconds 
  Import took 0.035138 seconds .

========================================================================
Received Import Request.
  Time since last request: 0.000355 seconds.
  path: Assets/TextMesh Pro/Resources/Fonts & Materials/LiberationSans SDF - Outline.mat
  artifactKey: Guid(79459efec17a4d00a321bdcc27bbc385) Importer(815301076,1909f56bfc062723c751e8b465ee728b)
Start importing Assets/TextMesh Pro/Resources/Fonts & Materials/LiberationSans SDF - Outline.mat using Guid(79459efec17a4d00a321bdcc27bbc385) Importer(815301076,1909f56bfc062723c751e8b465ee728b)  -> (artifact id: '28ef7839c67dd458cf26cde095598eb0') in 0.092948 seconds 
  Import took 0.100091 seconds .

========================================================================
Received Import Request.
  Time since last request: 0.000351 seconds.
  path: Packages/com.unity.searcher/Editor/Resources/FlatSkin/Font/Roboto-BlackItalic.ttf
  artifactKey: Guid(f95147a9bab9fe649b8070170fa7ebd2) Importer(815301076,1909f56bfc062723c751e8b465ee728b)
Start importing Packages/com.unity.searcher/Editor/Resources/FlatSkin/Font/Roboto-BlackItalic.ttf using Guid(f95147a9bab9fe649b8070170fa7ebd2) Importer(815301076,1909f56bfc062723c751e8b465ee728b)  -> (artifact id: 'd61bbae2b5169fb65edff9021b940589') in 0.025494 seconds 
  Import took 0.030879 seconds .

========================================================================
Received Import Request.
  Time since last request: 0.000332 seconds.
  path: Packages/com.unity.render-pipelines.universal/Runtime/Materials/ParticlesUnlit.mat
  artifactKey: Guid(e823cd5b5d27c0f4b8256e7c12ee3e6d) Importer(815301076,1909f56bfc062723c751e8b465ee728b)
Start importing Packages/com.unity.render-pipelines.universal/Runtime/Materials/ParticlesUnlit.mat using Guid(e823cd5b5d27c0f4b8256e7c12ee3e6d) Importer(815301076,1909f56bfc062723c751e8b465ee728b)  -> (artifact id: 'e27a9cebac957aa5db9d4bd10324672a') in 0.025806 seconds 
  Import took 0.036338 seconds .

========================================================================
Received Import Request.
  Time since last request: 0.000361 seconds.
  path: Packages/com.unity.searcher/Editor/Resources/FlatSkin/Font/Roboto-MediumItalic.ttf
  artifactKey: Guid(d93c1bc57fdf1ac4dad1bf04fac05464) Importer(815301076,1909f56bfc062723c751e8b465ee728b)
Start importing Packages/com.unity.searcher/Editor/Resources/FlatSkin/Font/Roboto-MediumItalic.ttf using Guid(d93c1bc57fdf1ac4dad1bf04fac05464) Importer(815301076,1909f56bfc062723c751e8b465ee728b)  -> (artifact id: '2fa1c5fee635956b05802e1ecd6f93c4') in 0.028955 seconds 
  Import took 0.035806 seconds .

========================================================================
Received Import Request.
  Time since last request: 0.000408 seconds.
  path: Packages/com.unity.render-pipelines.universal/Runtime/Materials/TerrainLit.mat
  artifactKey: Guid(594ea882c5a793440b60ff72d896021e) Importer(815301076,1909f56bfc062723c751e8b465ee728b)
Start importing Packages/com.unity.render-pipelines.universal/Runtime/Materials/TerrainLit.mat using Guid(594ea882c5a793440b60ff72d896021e) Importer(815301076,1909f56bfc062723c751e8b465ee728b)  -> (artifact id: 'd240ee759e54e701b594805065cd211c') in 0.453124 seconds 
  Import took 0.459839 seconds .

========================================================================
Received Import Request.
  Time since last request: 0.000484 seconds.
  path: Packages/com.unity.searcher/Editor/Resources/FlatSkin/Font/Roboto-Bold.ttf
  artifactKey: Guid(3750c318f40cab44a97d3a81beaefeb3) Importer(815301076,1909f56bfc062723c751e8b465ee728b)
Start importing Packages/com.unity.searcher/Editor/Resources/FlatSkin/Font/Roboto-Bold.ttf using Guid(3750c318f40cab44a97d3a81beaefeb3) Importer(815301076,1909f56bfc062723c751e8b465ee728b)  -> (artifact id: '94e0367c81a72debf6efbf6af793205f') in 0.024009 seconds 
  Import took 0.033894 seconds .

========================================================================
Received Import Request.
  Time since last request: 0.000540 seconds.
  path: Packages/com.unity.render-pipelines.universal/Runtime/Materials/Sprite-Unlit-Default.mat
  artifactKey: Guid(9dfc825aed78fcd4ba02077103263b40) Importer(815301076,1909f56bfc062723c751e8b465ee728b)
Start importing Packages/com.unity.render-pipelines.universal/Runtime/Materials/Sprite-Unlit-Default.mat using Guid(9dfc825aed78fcd4ba02077103263b40) Importer(815301076,1909f56bfc062723c751e8b465ee728b)  -> (artifact id: 'cdc14757c0d8fa1e58090785d1b0c74e') in 0.053440 seconds 
  Import took 0.059736 seconds .

========================================================================
Received Import Request.
  Time since last request: 0.000361 seconds.
  path: Packages/com.unity.render-pipelines.universal/Runtime/Materials/SimpleLit.mat
  artifactKey: Guid(6a1143ee683302f4aa628c052723efc1) Importer(815301076,1909f56bfc062723c751e8b465ee728b)
Start importing Packages/com.unity.render-pipelines.universal/Runtime/Materials/SimpleLit.mat using Guid(6a1143ee683302f4aa628c052723efc1) Importer(815301076,1909f56bfc062723c751e8b465ee728b)  -> (artifact id: '7eebabdf57b8c58fbf712bf92151a1e1') in 0.598093 seconds 
  Import took 0.608138 seconds .

========================================================================
Received Import Request.
  Time since last request: 0.000584 seconds.
  path: Assets/TextMesh Pro/Resources/Fonts & Materials/LiberationSans SDF - Fallback.asset
  artifactKey: Guid(2e498d1c8094910479dc3e1b768306a4) Importer(815301076,1909f56bfc062723c751e8b465ee728b)
Start importing Assets/TextMesh Pro/Resources/Fonts & Materials/LiberationSans SDF - Fallback.asset using Guid(2e498d1c8094910479dc3e1b768306a4) Importer(815301076,1909f56bfc062723c751e8b465ee728b)  -> (artifact id: '734d652e76c06f2b9b0c02ea27434761') in 0.064940 seconds 
  Import took 0.072727 seconds .

========================================================================
Received Import Request.
  Time since last request: 0.000356 seconds.
  path: Packages/com.unity.searcher/Editor/Resources/FlatSkin/Font/Roboto-ThinItalic.ttf
  artifactKey: Guid(b2ea3b3f1765e544b9eb5bd1a93a91ce) Importer(815301076,1909f56bfc062723c751e8b465ee728b)
Start importing Packages/com.unity.searcher/Editor/Resources/FlatSkin/Font/Roboto-ThinItalic.ttf using Guid(b2ea3b3f1765e544b9eb5bd1a93a91ce) Importer(815301076,1909f56bfc062723c751e8b465ee728b)  -> (artifact id: '2631b079068265befc6bf781f81965e4') in 0.040883 seconds 
  Import took 0.050220 seconds .

========================================================================
Received Import Request.
  Time since last request: 0.000376 seconds.
  path: Assets/TextMesh Pro/Fonts/LiberationSans.ttf
  artifactKey: Guid(e3265ab4bf004d28a9537516768c1c75) Importer(815301076,1909f56bfc062723c751e8b465ee728b)
Start importing Assets/TextMesh Pro/Fonts/LiberationSans.ttf using Guid(e3265ab4bf004d28a9537516768c1c75) Importer(815301076,1909f56bfc062723c751e8b465ee728b)  -> (artifact id: 'c6cdbd440f39b80476fc63470b8be526') in 0.031788 seconds 
  Import took 0.042709 seconds .

========================================================================
Received Import Request.
  Time since last request: 0.000467 seconds.
  path: Packages/com.unity.searcher/Editor/Resources/FlatSkin/Font/Roboto-Black.ttf
  artifactKey: Guid(1062c701058745940ae5dca6219c64c8) Importer(815301076,1909f56bfc062723c751e8b465ee728b)
Start importing Packages/com.unity.searcher/Editor/Resources/FlatSkin/Font/Roboto-Black.ttf using Guid(1062c701058745940ae5dca6219c64c8) Importer(815301076,1909f56bfc062723c751e8b465ee728b)  -> (artifact id: 'ecedb8b18cf5365a6849ff02dcd27441') in 0.029379 seconds 
  Import took 0.037048 seconds .

========================================================================
Received Import Request.
  Time since last request: 0.000344 seconds.
  path: Assets/TextMesh Pro/Resources/Fonts & Materials/LiberationSans SDF - Drop Shadow.mat
  artifactKey: Guid(e73a58f6e2794ae7b1b7e50b7fb811b0) Importer(815301076,1909f56bfc062723c751e8b465ee728b)
Start importing Assets/TextMesh Pro/Resources/Fonts & Materials/LiberationSans SDF - Drop Shadow.mat using Guid(e73a58f6e2794ae7b1b7e50b7fb811b0) Importer(815301076,1909f56bfc062723c751e8b465ee728b)  -> (artifact id: '8ce9665b43fe64cd26d02d6b22dcfcbc') in 0.110128 seconds 
  Import took 0.119698 seconds .

========================================================================
Received Import Request.
  Time since last request: 0.000285 seconds.
  path: Packages/com.unity.searcher/Editor/Resources/FlatSkin/Font/Roboto-Regular.ttf
  artifactKey: Guid(30dc370b164eefc43b95744fc796dad0) Importer(815301076,1909f56bfc062723c751e8b465ee728b)
Start importing Packages/com.unity.searcher/Editor/Resources/FlatSkin/Font/Roboto-Regular.ttf using Guid(30dc370b164eefc43b95744fc796dad0) Importer(815301076,1909f56bfc062723c751e8b465ee728b)  -> (artifact id: 'd6e15b32a5f37a09381dd82a62a62f97') in 0.024278 seconds 
  Import took 0.029586 seconds .

========================================================================
Received Import Request.
  Time since last request: 0.000295 seconds.
  path: Assets/TextMesh Pro/Resources/Fonts & Materials/LiberationSans SDF.asset
  artifactKey: Guid(8f586378b4e144a9851e7b34d9b748ee) Importer(815301076,1909f56bfc062723c751e8b465ee728b)
Start importing Assets/TextMesh Pro/Resources/Fonts & Materials/LiberationSans SDF.asset using Guid(8f586378b4e144a9851e7b34d9b748ee) Importer(815301076,1909f56bfc062723c751e8b465ee728b)  -> (artifact id: '3e17da18ce2eaea9a4115e22b51f1a3f') in 0.054136 seconds 
  Import took 0.059184 seconds .

========================================================================
Received Import Request.
  Time since last request: 0.000292 seconds.
  path: Packages/com.unity.render-pipelines.universal/Runtime/Materials/Sprite-Lit-Default.mat
  artifactKey: Guid(a97c105638bdf8b4a8650670310a4cd3) Importer(815301076,1909f56bfc062723c751e8b465ee728b)
Start importing Packages/com.unity.render-pipelines.universal/Runtime/Materials/Sprite-Lit-Default.mat using Guid(a97c105638bdf8b4a8650670310a4cd3) Importer(815301076,1909f56bfc062723c751e8b465ee728b)  -> (artifact id: '2c5b7f80799312dd515827275b1199e6') in 0.020612 seconds 
  Import took 0.025719 seconds .

========================================================================
Received Import Request.
  Time since last request: 0.000372 seconds.
  path: Packages/com.unity.render-pipelines.universal/Runtime/Materials/Lit.mat
  artifactKey: Guid(31321ba15b8f8eb4c954353edc038b1d) Importer(815301076,1909f56bfc062723c751e8b465ee728b)
Start importing Packages/com.unity.render-pipelines.universal/Runtime/Materials/Lit.mat using Guid(31321ba15b8f8eb4c954353edc038b1d) Importer(815301076,1909f56bfc062723c751e8b465ee728b)  -> (artifact id: '15c176f8ec8e8087533355abed71a2e5') in 0.452570 seconds 
  Import took 0.458288 seconds .

========================================================================
Received Import Request.
  Time since last request: 0.000315 seconds.
  path: Packages/com.unity.searcher/Editor/Resources/FlatSkin/Font/Roboto-Medium.ttf
  artifactKey: Guid(a51a3aebb43ac044989270407476b208) Importer(815301076,1909f56bfc062723c751e8b465ee728b)
Start importing Packages/com.unity.searcher/Editor/Resources/FlatSkin/Font/Roboto-Medium.ttf using Guid(a51a3aebb43ac044989270407476b208) Importer(815301076,1909f56bfc062723c751e8b465ee728b)  -> (artifact id: 'f96b0d063cd185be11d29f46a26d3bb9') in 0.023076 seconds 
  Import took 0.030107 seconds .

========================================================================
Received Import Request.
  Time since last request: 0.000465 seconds.
  path: Packages/com.unity.render-pipelines.core/Runtime/Debugging/Prefabs/Fonts/Perfect DOS VGA 437.ttf
  artifactKey: Guid(74a5091d8707f334b9a5c31ef71a64ba) Importer(815301076,1909f56bfc062723c751e8b465ee728b)
Start importing Packages/com.unity.render-pipelines.core/Runtime/Debugging/Prefabs/Fonts/Perfect DOS VGA 437.ttf using Guid(74a5091d8707f334b9a5c31ef71a64ba) Importer(815301076,1909f56bfc062723c751e8b465ee728b)  -> (artifact id: '8704dc91b332f83d92f68f4371481b71') in 0.027315 seconds 
  Import took 0.035555 seconds .

========================================================================
Received Import Request.
  Time since last request: 0.000333 seconds.
  path: Packages/com.unity.searcher/Editor/Resources/FlatSkin/Font/Roboto-Light.ttf
  artifactKey: Guid(2a29e27936eb547458f646f71125b264) Importer(815301076,1909f56bfc062723c751e8b465ee728b)
Start importing Packages/com.unity.searcher/Editor/Resources/FlatSkin/Font/Roboto-Light.ttf using Guid(2a29e27936eb547458f646f71125b264) Importer(815301076,1909f56bfc062723c751e8b465ee728b)  -> (artifact id: 'ca040fa8a01735dd7c2e073242c16a36') in 0.023919 seconds 
  Import took 0.030008 seconds .

========================================================================
Received Import Request.
  Time since last request: 0.000413 seconds.
  path: Packages/com.unity.searcher/Editor/Resources/FlatSkin/Font/Roboto-LightItalic.ttf
  artifactKey: Guid(5e63515167650a541b309ba3bfd4db3d) Importer(815301076,1909f56bfc062723c751e8b465ee728b)
Start importing Packages/com.unity.searcher/Editor/Resources/FlatSkin/Font/Roboto-LightItalic.ttf using Guid(5e63515167650a541b309ba3bfd4db3d) Importer(815301076,1909f56bfc062723c751e8b465ee728b)  -> (artifact id: 'ee1bd25f304bf465dc13063fe7a43af3') in 0.025375 seconds 
  Import took 0.031956 seconds .

========================================================================
Received Import Request.
  Time since last request: 33.266074 seconds.
  path: Assets/Scenes/ClickAndDragTest.unity
  artifactKey: Guid(b156d69de37acfc459ac274497f6b698) Importer(815301076,1909f56bfc062723c751e8b465ee728b)
Start importing Assets/Scenes/ClickAndDragTest.unity using Guid(b156d69de37acfc459ac274497f6b698) Importer(815301076,1909f56bfc062723c751e8b465ee728b)  -> (artifact id: '4c0c35595311e26e5d5b5c8c2520fbce') in 0.008736 seconds 
  Import took 0.015384 seconds .

========================================================================
Received Import Request.
  Time since last request: 3.364573 seconds.
  path: Assets/Scenes/HandOdCardsTest.unity
  artifactKey: Guid(2f76c71666bbfa443ac812fe41375398) Importer(815301076,1909f56bfc062723c751e8b465ee728b)
Start importing Assets/Scenes/HandOdCardsTest.unity using Guid(2f76c71666bbfa443ac812fe41375398) Importer(815301076,1909f56bfc062723c751e8b465ee728b)  -> (artifact id: 'fe387bc952265a29e407537e13fff1c9') in 0.003857 seconds 
  Import took 0.009819 seconds .

========================================================================
Received Import Request.
  Time since last request: 14.659376 seconds.
  path: Assets/Scenes/TestScene.unity
  artifactKey: Guid(2f76c71666bbfa443ac812fe41375398) Importer(815301076,1909f56bfc062723c751e8b465ee728b)
Start importing Assets/Scenes/TestScene.unity using Guid(2f76c71666bbfa443ac812fe41375398) Importer(815301076,1909f56bfc062723c751e8b465ee728b)  -> (artifact id: 'a311d33ffae6875cdae31aeee900c7cf') in 0.008658 seconds 
  Import took 0.014982 seconds .

